<?xml version="1.0" encoding="UTF-8"?>
<!-- Generated by org.testng.reporters.JUnitReportReporter -->
<testsuite hostname="Diego-Laptop" failures="0" tests="2" name="tests.TestsExamples" time="2.660" errors="0" timestamp="2021-11-09T20:06:42 COT" skipped="0">
  <testcase classname="tests.TestsExamples" name="test_1" time="1.799"/>
  <system-out/>
  <testcase classname="tests.TestsExamples" name="test_2" time="0.861"/>
  <system-out/>
</testsuite> <!-- tests.TestsExamples -->
