<?xml version="1.0" encoding="UTF-8"?>
<!-- Generated by org.testng.reporters.JUnitReportReporter -->
<testsuite hostname="Diego-Laptop" failures="0" tests="3" name="tests.PutPatchDeleteExamples" time="2.937" errors="0" timestamp="2021-11-09T21:10:30 COT" skipped="0">
  <testcase classname="tests.PutPatchDeleteExamples" name="testDelete" time="1.913"/>
  <system-out/>
  <testcase classname="tests.PutPatchDeleteExamples" name="testPatch" time="0.528"/>
  <system-out/>
  <testcase classname="tests.PutPatchDeleteExamples" name="testPut" time="0.496"/>
  <system-out/>
</testsuite> <!-- tests.PutPatchDeleteExamples -->
