<?xml version="1.0" encoding="UTF-8"?>
<!-- Generated by org.testng.reporters.JUnitReportReporter -->
<testsuite hostname="Diego-Laptop" failures="0" tests="2" name="tests.PetitionsExmaples" time="2.928" errors="0" timestamp="2021-11-09T20:24:57 COT" skipped="0">
  <testcase classname="tests.PetitionsExmaples" name="testGet" time="2.289"/>
  <system-out/>
  <testcase classname="tests.PetitionsExmaples" name="testPost" time="0.639"/>
  <system-out/>
</testsuite> <!-- tests.PetitionsExmaples -->
